EnergyPlus Starting
EnergyPlus, Version 8.3.0-c243b2160b, YMD=2019.02.24 20:59
Processing Data Dictionary
Processing Input File
Initializing Response Factors
Calculating CTFs for "STEEL FRAME NON-RES EXT WALL", Construction # 2
Calculating CTFs for "IEAD NON-RES ROOF", Construction # 3
Calculating CTFs for "IEAD NON-RES ROOF", Construction # 3
Calculating CTFs for "EXT-SLAB", Construction # 4
Calculating CTFs for "INT-WALLS", Construction # 5
Calculating CTFs for "DROPCEILING", Construction # 7
Calculating CTFs for "INTERIORFURNISHINGS", Construction # 9
Initializing Window Optical Properties
Initializing Solar Calculations
Allocate Solar Module Arrays
Initializing Zone Report Variables
Initializing Surface (Shading) Report Variables
Determining Shadowing Combinations
Computing Window Shade Absorption Factors
Proceeding with Initializing Solar Calculations
Initializing Surfaces
Initializing Outdoor environment for Surfaces
Setting up Surface Reporting Variables
Initializing Temperature and Flux Histories
Initializing Window Shading
Computing Interior Absorption Factors
Computing Interior Diffuse Solar Absorption Factors
Computing Interior Diffuse Solar Exchange through Interzone Windows
Initializing Solar Heat Gains
Initializing Internal Heat Gains
Initializing Interior Solar Distribution
Initializing Interior Convection Coefficients
Gathering Information for Predefined Reporting
Completed Initializing Surface Heat Balance
Calculate Outside Surface Heat Balance
Calculate Inside Surface Heat Balance
Calculate Air Heat Balance
Initializing HVAC
Warming up
Warming up
Warming up
Warming up
Warming up
Warming up
Performing Zone Sizing Simulation
...for Sizing Period: #1 CHICAGO ANN HTG 99.6% CONDNS DB
Warming up
Warming up
Warming up
Warming up
Warming up
Warming up
Performing Zone Sizing Simulation
...for Sizing Period: #2 CHICAGO ANN CLG .4% CONDNS WB=>MDB
Calculating System sizing
...for Sizing Period: #1 CHICAGO ANN HTG 99.6% CONDNS DB
Calculating System sizing
...for Sizing Period: #2 CHICAGO ANN CLG .4% CONDNS WB=>MDB
Initializing Simulation
Reporting Surfaces
Beginning Primary Simulation
Initializing New Environment Parameters
Warming up {1}
Instantiating Framework for Network Co-Simulation
ExternalInterface initializes. (FNCS)
FNCS: EMS (COOLING CONTROLLED LOAD)
FNCS: EMS (HEATING CONTROLLED LOAD)
FNCS: EMS (COOLING DESIRED TEMPERATURE)
FNCS: EMS (HEATING DESIRED TEMPERATURE)
FNCS: EMS (COOLING THERMOSTAT DEADBAND)
FNCS: EMS (HEATING THERMOSTAT DEADBAND)
FNCS: EMS (COOLING CURRENT TEMPERATURE)
FNCS: EMS (HEATING CURRENT TEMPERATURE)
FNCS: EMS (COOLING POWER STATE)
FNCS: EMS (HEATING POWER STATE)
FNCS: WHOLE BUILDING (FACILITY TOTAL ELECTRIC DEMAND POWER)
FNCS: FACILITY (FACILITY THERMAL COMFORT ASHRAE 55 SIMPLE MODEL SUMMER OR WINTER CLOTHES NOT COMFORTABLE TIME)
FNCS: * (PEOPLE OCCUPANT COUNT)
    : BATH_ZN_1_FLR_1 PEOPLE
    : CAFETERIA_ZN_1_FLR_1 PEOPLE
    : COMPUTER_CLASS_ZN_1_FLR_1 PEOPLE
    : CORNER_CLASS_1_POD_1_ZN_1_FLR_1 PEOPLE
    : CORNER_CLASS_1_POD_2_ZN_1_FLR_1 PEOPLE
    : CORNER_CLASS_1_POD_3_ZN_1_FLR_1 PEOPLE
    : CORNER_CLASS_2_POD_1_ZN_1_FLR_1 PEOPLE
    : CORNER_CLASS_2_POD_2_ZN_1_FLR_1 PEOPLE
    : CORNER_CLASS_2_POD_3_ZN_1_FLR_1 PEOPLE
    : CORRIDOR_POD_1_ZN_1_FLR_1 PEOPLE
    : CORRIDOR_POD_2_ZN_1_FLR_1 PEOPLE
    : CORRIDOR_POD_3_ZN_1_FLR_1 PEOPLE
    : GYM_ZN_1_FLR_1 PEOPLE
    : KITCHEN_ZN_1_FLR_1 PEOPLE
    : LIBRARY_MEDIA_CENTER_ZN_1_FLR_1 PEOPLE
    : MAIN_CORRIDOR_ZN_1_FLR_1 PEOPLE
    : MULT_CLASS_1_POD_1_ZN_1_FLR_1 PEOPLE
    : MULT_CLASS_1_POD_2_ZN_1_FLR_1 PEOPLE
    : MULT_CLASS_1_POD_3_ZN_1_FLR_1 PEOPLE
    : MULT_CLASS_2_POD_1_ZN_1_FLR_1 PEOPLE
    : MULT_CLASS_2_POD_2_ZN_1_FLR_1 PEOPLE
    : MULT_CLASS_2_POD_3_ZN_1_FLR_1 PEOPLE
    : OFFICES_ZN_1_FLR_1 PEOPLE
FNCS: H1_NOM (SCHEDULE VALUE)
FNCS: C1_NOM (SCHEDULE VALUE)
FNCS: H2_NOM (SCHEDULE VALUE)
FNCS: C2_NOM (SCHEDULE VALUE)
FNCS: PSZ-AC_1:6_COOLC DXCOIL (COOLING COIL ELECTRIC ENERGY)
FNCS: PSZ-AC_2:5_COOLC DXCOIL (COOLING COIL ELECTRIC ENERGY)
FNCS: PSZ-AC_2:7_COOLC DXCOIL (COOLING COIL ELECTRIC ENERGY)
FNCS: VAV_OTHER_COOLC DXCOIL (COOLING COIL ELECTRIC ENERGY)
FNCS: VAV_POD_1_COOLC DXCOIL (COOLING COIL ELECTRIC ENERGY)
FNCS: VAV_POD_2_COOLC DXCOIL (COOLING COIL ELECTRIC ENERGY)
FNCS: VAV_POD_3_COOLC DXCOIL (COOLING COIL ELECTRIC ENERGY)
FNCS: PSZ-AC_1:6_HEATC (HEATING COIL ELECTRIC ENERGY)
FNCS: PSZ-AC_2:5_HEATC (HEATING COIL ELECTRIC ENERGY)
FNCS: PSZ-AC_2:7_HEATC (HEATING COIL ELECTRIC ENERGY)
FNCS: BATH_ZN_1_FLR_1 (ZONE MEAN AIR TEMPERATURE)
FNCS: CAFETERIA_ZN_1_FLR_1 (ZONE MEAN AIR TEMPERATURE)
FNCS: COMPUTER_CLASS_ZN_1_FLR_1 (ZONE MEAN AIR TEMPERATURE)
FNCS: CORNER_CLASS_1_POD_1_ZN_1_FLR_1 (ZONE MEAN AIR TEMPERATURE)
FNCS: CORNER_CLASS_1_POD_2_ZN_1_FLR_1 (ZONE MEAN AIR TEMPERATURE)
FNCS: CORNER_CLASS_1_POD_3_ZN_1_FLR_1 (ZONE MEAN AIR TEMPERATURE)
FNCS: CORNER_CLASS_2_POD_1_ZN_1_FLR_1 (ZONE MEAN AIR TEMPERATURE)
FNCS: CORNER_CLASS_2_POD_2_ZN_1_FLR_1 (ZONE MEAN AIR TEMPERATURE)
FNCS: CORNER_CLASS_2_POD_3_ZN_1_FLR_1 (ZONE MEAN AIR TEMPERATURE)
FNCS: CORRIDOR_POD_1_ZN_1_FLR_1 (ZONE MEAN AIR TEMPERATURE)
FNCS: CORRIDOR_POD_2_ZN_1_FLR_1 (ZONE MEAN AIR TEMPERATURE)
FNCS: CORRIDOR_POD_3_ZN_1_FLR_1 (ZONE MEAN AIR TEMPERATURE)
FNCS: GYM_ZN_1_FLR_1 (ZONE MEAN AIR TEMPERATURE)
FNCS: KITCHEN_ZN_1_FLR_1 (ZONE MEAN AIR TEMPERATURE)
FNCS: LIBRARY_MEDIA_CENTER_ZN_1_FLR_1 (ZONE MEAN AIR TEMPERATURE)
FNCS: LOBBY_ZN_1_FLR_1 (ZONE MEAN AIR TEMPERATURE)
FNCS: MAIN_CORRIDOR_ZN_1_FLR_1 (ZONE MEAN AIR TEMPERATURE)
FNCS: MECH_ZN_1_FLR_1 (ZONE MEAN AIR TEMPERATURE)
FNCS: MULT_CLASS_1_POD_1_ZN_1_FLR_1 (ZONE MEAN AIR TEMPERATURE)
FNCS: MULT_CLASS_1_POD_2_ZN_1_FLR_1 (ZONE MEAN AIR TEMPERATURE)
FNCS: MULT_CLASS_1_POD_3_ZN_1_FLR_1 (ZONE MEAN AIR TEMPERATURE)
FNCS: MULT_CLASS_2_POD_1_ZN_1_FLR_1 (ZONE MEAN AIR TEMPERATURE)
FNCS: MULT_CLASS_2_POD_2_ZN_1_FLR_1 (ZONE MEAN AIR TEMPERATURE)
FNCS: MULT_CLASS_2_POD_3_ZN_1_FLR_1 (ZONE MEAN AIR TEMPERATURE)
FNCS: OFFICES_ZN_1_FLR_1 (ZONE MEAN AIR TEMPERATURE)
FNCS: BATH_ZN_1_FLR_1 VAV BOX REHEAT COIL (HEATING COIL HEATING ENERGY)
FNCS: COMPUTER_CLASS_ZN_1_FLR_1 VAV BOX REHEAT COIL (HEATING COIL HEATING ENERGY)
FNCS: CORNER_CLASS_1_POD_1_ZN_1_FLR_1 VAV BOX REHEAT COIL (HEATING COIL HEATING ENERGY)
FNCS: CORNER_CLASS_1_POD_2_ZN_1_FLR_1 VAV BOX REHEAT COIL (HEATING COIL HEATING ENERGY)
FNCS: CORNER_CLASS_1_POD_3_ZN_1_FLR_1 VAV BOX REHEAT COIL (HEATING COIL HEATING ENERGY)
FNCS: CORNER_CLASS_2_POD_1_ZN_1_FLR_1 VAV BOX REHEAT COIL (HEATING COIL HEATING ENERGY)
FNCS: CORNER_CLASS_2_POD_2_ZN_1_FLR_1 VAV BOX REHEAT COIL (HEATING COIL HEATING ENERGY)
FNCS: CORNER_CLASS_2_POD_3_ZN_1_FLR_1 VAV BOX REHEAT COIL (HEATING COIL HEATING ENERGY)
FNCS: CORRIDOR_POD_1_ZN_1_FLR_1 VAV BOX REHEAT COIL (HEATING COIL HEATING ENERGY)
FNCS: CORRIDOR_POD_2_ZN_1_FLR_1 VAV BOX REHEAT COIL (HEATING COIL HEATING ENERGY)
FNCS: CORRIDOR_POD_3_ZN_1_FLR_1 VAV BOX REHEAT COIL (HEATING COIL HEATING ENERGY)
FNCS: LIBRARY_MEDIA_CENTER_ZN_1_FLR_1 VAV BOX REHEAT COIL (HEATING COIL HEATING ENERGY)
FNCS: LOBBY_ZN_1_FLR_1 VAV BOX REHEAT COIL (HEATING COIL HEATING ENERGY)
FNCS: MAIN_CORRIDOR_ZN_1_FLR_1 VAV BOX REHEAT COIL (HEATING COIL HEATING ENERGY)
FNCS: MECH_ZN_1_FLR_1 VAV BOX REHEAT COIL (HEATING COIL HEATING ENERGY)
FNCS: MULT_CLASS_1_POD_1_ZN_1_FLR_1 VAV BOX REHEAT COIL (HEATING COIL HEATING ENERGY)
FNCS: MULT_CLASS_1_POD_2_ZN_1_FLR_1 VAV BOX REHEAT COIL (HEATING COIL HEATING ENERGY)
FNCS: MULT_CLASS_1_POD_3_ZN_1_FLR_1 VAV BOX REHEAT COIL (HEATING COIL HEATING ENERGY)
FNCS: MULT_CLASS_2_POD_1_ZN_1_FLR_1 VAV BOX REHEAT COIL (HEATING COIL HEATING ENERGY)
FNCS: MULT_CLASS_2_POD_2_ZN_1_FLR_1 VAV BOX REHEAT COIL (HEATING COIL HEATING ENERGY)
FNCS: MULT_CLASS_2_POD_3_ZN_1_FLR_1 VAV BOX REHEAT COIL (HEATING COIL HEATING ENERGY)
FNCS: OFFICES_ZN_1_FLR_1 VAV BOX REHEAT COIL (HEATING COIL HEATING ENERGY)
FNCS: * (Cooling Controlled Load)
FNCS: * (Heating Controlled Load)
FNCS: * (Cooling Desired Temperature)
FNCS: * (Heating Desired Temperature)
FNCS: * (Cooling Thermostat Deadband)
FNCS: * (Heating Thermostat Deadband)
FNCS: * (Cooling Current Temperature)
FNCS: * (Heating Current Temperature)
FNCS: * (Cooling Power State)
FNCS: * (Heating Power State)
FNCS: * (Heating Desire)
FNCS: * (Cooling Desire)
FNCS: * (Heating Current)
FNCS: * (Cooling Current)
FNCS: ExternalInterface:Variable
FNCS: Variable: COOL_SETP_DELTA
FNCS: Variable: HEAT_SETP_DELTA
Number of outputs in ExternalInterface = 110
Number of inputs  in ExternalInterface = 2
Warming up {2}
Warming up {3}
Warming up {4}
Warming up {5}
Warming up {6}
Starting Simulation at 07/01 for Tucson International Ap AZ USA TMY3 WMO#=722740
ExternalInterface starts first data exchange. (FNCS)
